c:\users\cbelt\source\repos\wci\wci\debug\wci.pch
c:\users\cbelt\source\repos\wci\wci\debug\vc141.pdb
c:\users\cbelt\source\repos\wci\wci\debug\vc141.idb
c:\users\cbelt\source\repos\wci\wci\debug\stdafx.obj
c:\users\cbelt\source\repos\wci\wci\debug\wci.obj
c:\users\cbelt\source\repos\wci\wci\debug\buffer.obj
c:\users\cbelt\source\repos\wci\wci\debug\common.obj
c:\users\cbelt\source\repos\wci\wci\debug\error.obj
c:\users\cbelt\source\repos\wci\wci\debug\parser.obj
c:\users\cbelt\source\repos\wci\wci\debug\scanner.obj
c:\users\cbelt\source\repos\wci\wci\debug\token.obj
c:\users\cbelt\source\repos\wci\debug\wci.exe
c:\users\cbelt\source\repos\wci\debug\wci.ilk
c:\users\cbelt\source\repos\wci\debug\wci.pdb
c:\users\cbelt\source\repos\wci\wci\debug\wci.obj.enc
c:\users\cbelt\source\repos\wci\wci\debug\wci.tlog\cl.command.1.tlog
c:\users\cbelt\source\repos\wci\wci\debug\wci.tlog\cl.read.1.tlog
c:\users\cbelt\source\repos\wci\wci\debug\wci.tlog\cl.write.1.tlog
c:\users\cbelt\source\repos\wci\wci\debug\wci.tlog\link.command.1.tlog
c:\users\cbelt\source\repos\wci\wci\debug\wci.tlog\link.read.1.tlog
c:\users\cbelt\source\repos\wci\wci\debug\wci.tlog\link.write.1.tlog
